{"C:\\laragon\\www\\CodeFolio\\src\\index.ts": {"path":"C:\\laragon\\www\\CodeFolio\\src\\index.ts","statementMap":{"0":{"start":{"line":1,"column":0},"end":{"line":1,"column":28}},"1":{"start":{"line":3,"column":0},"end":{"line":3,"column":46}},"2":{"start":{"line":4,"column":0},"end":{"line":4,"column":66}},"3":{"start":{"line":5,"column":0},"end":{"line":5,"column":46}},"4":{"start":{"line":6,"column":0},"end":{"line":6,"column":46}},"5":{"start":{"line":7,"column":0},"end":{"line":7,"column":48}},"6":{"start":{"line":8,"column":0},"end":{"line":8,"column":39}},"7":{"start":{"line":9,"column":0},"end":{"line":9,"column":40}},"8":{"start":{"line":12,"column":0},"end":{"line":12,"column":16}},"9":{"start":{"line":23,"column":20},"end":{"line":55,"column":1}},"10":{"start":{"line":24,"column":2},"end":{"line":24,"column":20}},"11":{"start":{"line":26,"column":17},"end":{"line":37,"column":4}},"12":{"start":{"line":30,"column":6},"end":{"line":33,"column":9}},"13":{"start":{"line":34,"column":6},"end":{"line":34,"column":42}},"14":{"start":{"line":35,"column":6},"end":{"line":35,"column":19}},"15":{"start":{"line":39,"column":18},"end":{"line":52,"column":4}},"16":{"start":{"line":42,"column":6},"end":{"line":50,"column":7}},"17":{"start":{"line":43,"column":21},"end":{"line":43,"column":61}},"18":{"start":{"line":44,"column":8},"end":{"line":44,"column":75}},"19":{"start":{"line":45,"column":8},"end":{"line":45,"column":24}},"20":{"start":{"line":47,"column":8},"end":{"line":47,"column":47}},"21":{"start":{"line":48,"column":8},"end":{"line":48,"column":46}},"22":{"start":{"line":49,"column":8},"end":{"line":49,"column":20}},"23":{"start":{"line":54,"column":2},"end":{"line":54,"column":45}},"24":{"start":{"line":57,"column":0},"end":{"line":60,"column":3}},"25":{"start":{"line":58,"column":2},"end":{"line":58,"column":49}},"26":{"start":{"line":59,"column":2},"end":{"line":59,"column":18}}},"fnMap":{"0":{"name":"(anonymous_1)","decl":{"start":{"line":23,"column":20},"end":{"line":23,"column":25}},"loc":{"start":{"line":23,"column":31},"end":{"line":55,"column":1}}},"1":{"name":"(anonymous_2)","decl":{"start":{"line":29,"column":17},"end":{"line":29,"column":18}},"loc":{"start":{"line":29,"column":27},"end":{"line":36,"column":5}}},"2":{"name":"(anonymous_3)","decl":{"start":{"line":41,"column":13},"end":{"line":41,"column":18}},"loc":{"start":{"line":41,"column":36},"end":{"line":51,"column":5}}},"3":{"name":"(anonymous_4)","decl":{"start":{"line":57,"column":20},"end":{"line":57,"column":21}},"loc":{"start":{"line":57,"column":30},"end":{"line":60,"column":1}}}},"branchMap":{"0":{"loc":{"start":{"line":40,"column":20},"end":{"line":40,"column":52}},"type":"binary-expr","locations":[{"start":{"line":40,"column":20},"end":{"line":40,"column":44}},{"start":{"line":40,"column":48},"end":{"line":40,"column":52}}]},"1":{"loc":{"start":{"line":44,"column":37},"end":{"line":44,"column":71}},"type":"cond-expr","locations":[{"start":{"line":44,"column":44},"end":{"line":44,"column":57}},{"start":{"line":44,"column":60},"end":{"line":44,"column":71}}]}},"s":{"0":0,"1":0,"2":0,"3":0,"4":0,"5":0,"6":0,"7":0,"8":0,"9":0,"10":0,"11":0,"12":0,"13":0,"14":0,"15":0,"16":0,"17":0,"18":0,"19":0,"20":0,"21":0,"22":0,"23":0,"24":0,"25":0,"26":0},"f":{"0":0,"1":0,"2":0,"3":0},"b":{"0":[0,0],"1":[0,0]}}
,"C:\\laragon\\www\\CodeFolio\\src\\config\\database.ts": {"path":"C:\\laragon\\www\\CodeFolio\\src\\config\\database.ts","statementMap":{"0":{"start":{"line":1,"column":0},"end":{"line":1,"column":32}},"1":{"start":{"line":3,"column":25},"end":{"line":11,"column":1}},"2":{"start":{"line":4,"column":2},"end":{"line":10,"column":3}},"3":{"start":{"line":5,"column":4},"end":{"line":5,"column":51}},"4":{"start":{"line":6,"column":4},"end":{"line":6,"column":39}},"5":{"start":{"line":8,"column":4},"end":{"line":8,"column":56}},"6":{"start":{"line":9,"column":4},"end":{"line":9,"column":20}},"7":{"start":{"line":3,"column":13},"end":{"line":3,"column":25}}},"fnMap":{"0":{"name":"(anonymous_1)","decl":{"start":{"line":3,"column":25},"end":{"line":3,"column":30}},"loc":{"start":{"line":3,"column":36},"end":{"line":11,"column":1}}}},"branchMap":{},"s":{"0":0,"1":0,"2":0,"3":0,"4":0,"5":0,"6":0,"7":0},"f":{"0":0},"b":{}}
,"C:\\laragon\\www\\CodeFolio\\src\\graphql\\resolvers.ts": {"path":"C:\\laragon\\www\\CodeFolio\\src\\graphql\\resolvers.ts","statementMap":{"0":{"start":{"line":1,"column":0},"end":{"line":1,"column":39}},"1":{"start":{"line":2,"column":0},"end":{"line":2,"column":50}},"2":{"start":{"line":3,"column":0},"end":{"line":3,"column":50}},"3":{"start":{"line":4,"column":0},"end":{"line":4,"column":46}},"4":{"start":{"line":5,"column":0},"end":{"line":5,"column":56}},"5":{"start":{"line":6,"column":0},"end":{"line":6,"column":44}},"6":{"start":{"line":7,"column":0},"end":{"line":7,"column":64}},"7":{"start":{"line":8,"column":0},"end":{"line":8,"column":30}},"8":{"start":{"line":9,"column":0},"end":{"line":9,"column":31}},"9":{"start":{"line":11,"column":13},"end":{"line":317,"column":2}},"10":{"start":{"line":14,"column":19},"end":{"line":14,"column":39}},"11":{"start":{"line":15,"column":6},"end":{"line":15,"column":29}},"12":{"start":{"line":15,"column":17},"end":{"line":15,"column":29}},"13":{"start":{"line":16,"column":6},"end":{"line":16,"column":57}},"14":{"start":{"line":20,"column":19},"end":{"line":20,"column":39}},"15":{"start":{"line":21,"column":6},"end":{"line":21,"column":27}},"16":{"start":{"line":21,"column":17},"end":{"line":21,"column":27}},"17":{"start":{"line":22,"column":6},"end":{"line":22,"column":54}},"18":{"start":{"line":26,"column":19},"end":{"line":26,"column":39}},"19":{"start":{"line":27,"column":6},"end":{"line":27,"column":27}},"20":{"start":{"line":27,"column":17},"end":{"line":27,"column":27}},"21":{"start":{"line":28,"column":6},"end":{"line":28,"column":52}},"22":{"start":{"line":32,"column":19},"end":{"line":32,"column":39}},"23":{"start":{"line":33,"column":6},"end":{"line":33,"column":27}},"24":{"start":{"line":33,"column":17},"end":{"line":33,"column":27}},"25":{"start":{"line":34,"column":6},"end":{"line":34,"column":57}},"26":{"start":{"line":38,"column":19},"end":{"line":38,"column":39}},"27":{"start":{"line":39,"column":6},"end":{"line":41,"column":7}},"28":{"start":{"line":40,"column":8},"end":{"line":40,"column":76}},"29":{"start":{"line":43,"column":55},"end":{"line":48,"column":8}},"30":{"start":{"line":50,"column":6},"end":{"line":50,"column":56}},"31":{"start":{"line":56,"column":19},"end":{"line":56,"column":51}},"32":{"start":{"line":57,"column":6},"end":{"line":61,"column":7}},"33":{"start":{"line":58,"column":8},"end":{"line":60,"column":11}},"34":{"start":{"line":63,"column":22},"end":{"line":63,"column":67}},"35":{"start":{"line":64,"column":6},"end":{"line":68,"column":7}},"36":{"start":{"line":65,"column":8},"end":{"line":67,"column":11}},"37":{"start":{"line":70,"column":6},"end":{"line":74,"column":7}},"38":{"start":{"line":71,"column":8},"end":{"line":73,"column":11}},"39":{"start":{"line":76,"column":26},"end":{"line":76,"column":102}},"40":{"start":{"line":77,"column":27},"end":{"line":77,"column":110}},"41":{"start":{"line":78,"column":6},"end":{"line":78,"column":43}},"42":{"start":{"line":82,"column":6},"end":{"line":86,"column":7}},"43":{"start":{"line":83,"column":8},"end":{"line":85,"column":11}},"44":{"start":{"line":88,"column":6},"end":{"line":96,"column":7}},"45":{"start":{"line":89,"column":24},"end":{"line":89,"column":102}},"46":{"start":{"line":90,"column":28},"end":{"line":90,"column":110}},"47":{"start":{"line":91,"column":8},"end":{"line":91,"column":45}},"48":{"start":{"line":93,"column":8},"end":{"line":95,"column":11}},"49":{"start":{"line":100,"column":6},"end":{"line":104,"column":7}},"50":{"start":{"line":101,"column":8},"end":{"line":103,"column":11}},"51":{"start":{"line":106,"column":6},"end":{"line":131,"column":7}},"52":{"start":{"line":107,"column":22},"end":{"line":107,"column":40}},"53":{"start":{"line":108,"column":24},"end":{"line":108,"column":48}},"54":{"start":{"line":110,"column":8},"end":{"line":114,"column":9}},"55":{"start":{"line":111,"column":10},"end":{"line":113,"column":13}},"56":{"start":{"line":117,"column":8},"end":{"line":121,"column":11}},"57":{"start":{"line":123,"column":8},"end":{"line":123,"column":20}},"58":{"start":{"line":125,"column":8},"end":{"line":127,"column":9}},"59":{"start":{"line":126,"column":10},"end":{"line":126,"column":22}},"60":{"start":{"line":128,"column":8},"end":{"line":130,"column":11}},"61":{"start":{"line":135,"column":6},"end":{"line":139,"column":7}},"62":{"start":{"line":136,"column":8},"end":{"line":138,"column":11}},"63":{"start":{"line":142,"column":30},"end":{"line":142,"column":80}},"64":{"start":{"line":143,"column":6},"end":{"line":147,"column":7}},"65":{"start":{"line":144,"column":8},"end":{"line":146,"column":11}},"66":{"start":{"line":149,"column":22},"end":{"line":152,"column":8}},"67":{"start":{"line":154,"column":6},"end":{"line":154,"column":21}},"68":{"start":{"line":158,"column":6},"end":{"line":162,"column":7}},"69":{"start":{"line":159,"column":8},"end":{"line":161,"column":11}},"70":{"start":{"line":164,"column":22},"end":{"line":167,"column":null}},"71":{"start":{"line":170,"column":6},"end":{"line":170,"column":21}},"72":{"start":{"line":174,"column":6},"end":{"line":178,"column":7}},"73":{"start":{"line":175,"column":8},"end":{"line":177,"column":11}},"74":{"start":{"line":180,"column":22},"end":{"line":183,"column":8}},"75":{"start":{"line":185,"column":6},"end":{"line":185,"column":21}},"76":{"start":{"line":189,"column":6},"end":{"line":193,"column":7}},"77":{"start":{"line":190,"column":8},"end":{"line":192,"column":11}},"78":{"start":{"line":195,"column":22},"end":{"line":198,"column":null}},"79":{"start":{"line":201,"column":6},"end":{"line":205,"column":7}},"80":{"start":{"line":202,"column":8},"end":{"line":204,"column":11}},"81":{"start":{"line":207,"column":6},"end":{"line":207,"column":21}},"82":{"start":{"line":211,"column":6},"end":{"line":215,"column":7}},"83":{"start":{"line":212,"column":8},"end":{"line":214,"column":11}},"84":{"start":{"line":217,"column":21},"end":{"line":217,"column":89}},"85":{"start":{"line":218,"column":6},"end":{"line":218,"column":22}},"86":{"start":{"line":222,"column":6},"end":{"line":226,"column":7}},"87":{"start":{"line":223,"column":8},"end":{"line":225,"column":11}},"88":{"start":{"line":228,"column":20},"end":{"line":231,"column":8}},"89":{"start":{"line":233,"column":6},"end":{"line":233,"column":19}},"90":{"start":{"line":237,"column":6},"end":{"line":241,"column":7}},"91":{"start":{"line":238,"column":8},"end":{"line":240,"column":11}},"92":{"start":{"line":243,"column":20},"end":{"line":246,"column":null}},"93":{"start":{"line":249,"column":6},"end":{"line":253,"column":7}},"94":{"start":{"line":250,"column":8},"end":{"line":252,"column":11}},"95":{"start":{"line":255,"column":6},"end":{"line":255,"column":19}},"96":{"start":{"line":259,"column":6},"end":{"line":263,"column":7}},"97":{"start":{"line":260,"column":8},"end":{"line":262,"column":11}},"98":{"start":{"line":265,"column":21},"end":{"line":265,"column":87}},"99":{"start":{"line":266,"column":6},"end":{"line":266,"column":22}},"100":{"start":{"line":270,"column":6},"end":{"line":274,"column":7}},"101":{"start":{"line":271,"column":8},"end":{"line":273,"column":11}},"102":{"start":{"line":276,"column":25},"end":{"line":279,"column":8}},"103":{"start":{"line":281,"column":6},"end":{"line":281,"column":24}},"104":{"start":{"line":285,"column":6},"end":{"line":289,"column":7}},"105":{"start":{"line":286,"column":8},"end":{"line":288,"column":11}},"106":{"start":{"line":291,"column":25},"end":{"line":294,"column":null}},"107":{"start":{"line":297,"column":6},"end":{"line":301,"column":7}},"108":{"start":{"line":298,"column":8},"end":{"line":300,"column":11}},"109":{"start":{"line":303,"column":6},"end":{"line":303,"column":24}},"110":{"start":{"line":307,"column":6},"end":{"line":311,"column":7}},"111":{"start":{"line":308,"column":8},"end":{"line":310,"column":11}},"112":{"start":{"line":313,"column":21},"end":{"line":313,"column":92}},"113":{"start":{"line":314,"column":6},"end":{"line":314,"column":22}}},"fnMap":{"0":{"name":"(anonymous_1)","decl":{"start":{"line":13,"column":15},"end":{"line":13,"column":20}},"loc":{"start":{"line":13,"column":26},"end":{"line":17,"column":5}}},"1":{"name":"(anonymous_2)","decl":{"start":{"line":19,"column":16},"end":{"line":19,"column":21}},"loc":{"start":{"line":19,"column":27},"end":{"line":23,"column":5}}},"2":{"name":"(anonymous_3)","decl":{"start":{"line":25,"column":20},"end":{"line":25,"column":25}},"loc":{"start":{"line":25,"column":31},"end":{"line":29,"column":5}}},"3":{"name":"(anonymous_4)","decl":{"start":{"line":31,"column":20},"end":{"line":31,"column":25}},"loc":{"start":{"line":31,"column":31},"end":{"line":35,"column":5}}},"4":{"name":"(anonymous_5)","decl":{"start":{"line":37,"column":18},"end":{"line":37,"column":23}},"loc":{"start":{"line":37,"column":29},"end":{"line":51,"column":5}}},"5":{"name":"(anonymous_6)","decl":{"start":{"line":55,"column":11},"end":{"line":55,"column":16}},"loc":{"start":{"line":55,"column":92},"end":{"line":79,"column":5}}},"6":{"name":"(anonymous_7)","decl":{"start":{"line":81,"column":18},"end":{"line":81,"column":23}},"loc":{"start":{"line":81,"column":79},"end":{"line":97,"column":5}}},"7":{"name":"(anonymous_8)","decl":{"start":{"line":99,"column":12},"end":{"line":99,"column":17}},"loc":{"start":{"line":99,"column":52},"end":{"line":132,"column":5}}},"8":{"name":"(anonymous_9)","decl":{"start":{"line":134,"column":18},"end":{"line":134,"column":23}},"loc":{"start":{"line":134,"column":65},"end":{"line":155,"column":5}}},"9":{"name":"(anonymous_10)","decl":{"start":{"line":157,"column":18},"end":{"line":157,"column":23}},"loc":{"start":{"line":157,"column":65},"end":{"line":171,"column":5}}},"10":{"name":"(anonymous_11)","decl":{"start":{"line":173,"column":18},"end":{"line":173,"column":23}},"loc":{"start":{"line":173,"column":65},"end":{"line":186,"column":5}}},"11":{"name":"(anonymous_12)","decl":{"start":{"line":188,"column":18},"end":{"line":188,"column":23}},"loc":{"start":{"line":188,"column":69},"end":{"line":208,"column":5}}},"12":{"name":"(anonymous_13)","decl":{"start":{"line":210,"column":18},"end":{"line":210,"column":23}},"loc":{"start":{"line":210,"column":62},"end":{"line":219,"column":5}}},"13":{"name":"(anonymous_14)","decl":{"start":{"line":221,"column":22},"end":{"line":221,"column":27}},"loc":{"start":{"line":221,"column":69},"end":{"line":234,"column":5}}},"14":{"name":"(anonymous_15)","decl":{"start":{"line":236,"column":22},"end":{"line":236,"column":27}},"loc":{"start":{"line":236,"column":73},"end":{"line":256,"column":5}}},"15":{"name":"(anonymous_16)","decl":{"start":{"line":258,"column":22},"end":{"line":258,"column":27}},"loc":{"start":{"line":258,"column":66},"end":{"line":267,"column":5}}},"16":{"name":"(anonymous_17)","decl":{"start":{"line":269,"column":22},"end":{"line":269,"column":27}},"loc":{"start":{"line":269,"column":69},"end":{"line":282,"column":5}}},"17":{"name":"(anonymous_18)","decl":{"start":{"line":284,"column":22},"end":{"line":284,"column":27}},"loc":{"start":{"line":284,"column":73},"end":{"line":304,"column":5}}},"18":{"name":"(anonymous_19)","decl":{"start":{"line":306,"column":22},"end":{"line":306,"column":27}},"loc":{"start":{"line":306,"column":66},"end":{"line":315,"column":5}}}},"branchMap":{"0":{"loc":{"start":{"line":15,"column":6},"end":{"line":15,"column":29}},"type":"if","locations":[{"start":{"line":15,"column":6},"end":{"line":15,"column":29}},{"start":{},"end":{}}]},"1":{"loc":{"start":{"line":21,"column":6},"end":{"line":21,"column":27}},"type":"if","locations":[{"start":{"line":21,"column":6},"end":{"line":21,"column":27}},{"start":{},"end":{}}]},"2":{"loc":{"start":{"line":27,"column":6},"end":{"line":27,"column":27}},"type":"if","locations":[{"start":{"line":27,"column":6},"end":{"line":27,"column":27}},{"start":{},"end":{}}]},"3":{"loc":{"start":{"line":33,"column":6},"end":{"line":33,"column":27}},"type":"if","locations":[{"start":{"line":33,"column":6},"end":{"line":33,"column":27}},{"start":{},"end":{}}]},"4":{"loc":{"start":{"line":39,"column":6},"end":{"line":41,"column":7}},"type":"if","locations":[{"start":{"line":39,"column":6},"end":{"line":41,"column":7}},{"start":{},"end":{}}]},"5":{"loc":{"start":{"line":57,"column":6},"end":{"line":61,"column":7}},"type":"if","locations":[{"start":{"line":57,"column":6},"end":{"line":61,"column":7}},{"start":{},"end":{}}]},"6":{"loc":{"start":{"line":64,"column":6},"end":{"line":68,"column":7}},"type":"if","locations":[{"start":{"line":64,"column":6},"end":{"line":68,"column":7}},{"start":{},"end":{}}]},"7":{"loc":{"start":{"line":70,"column":6},"end":{"line":74,"column":7}},"type":"if","locations":[{"start":{"line":70,"column":6},"end":{"line":74,"column":7}},{"start":{},"end":{}}]},"8":{"loc":{"start":{"line":70,"column":10},"end":{"line":70,"column":68}},"type":"binary-expr","locations":[{"start":{"line":70,"column":10},"end":{"line":70,"column":33}},{"start":{"line":70,"column":37},"end":{"line":70,"column":68}}]},"9":{"loc":{"start":{"line":82,"column":6},"end":{"line":86,"column":7}},"type":"if","locations":[{"start":{"line":82,"column":6},"end":{"line":86,"column":7}},{"start":{},"end":{}}]},"10":{"loc":{"start":{"line":82,"column":10},"end":{"line":82,"column":68}},"type":"binary-expr","locations":[{"start":{"line":82,"column":10},"end":{"line":82,"column":33}},{"start":{"line":82,"column":37},"end":{"line":82,"column":68}}]},"11":{"loc":{"start":{"line":100,"column":6},"end":{"line":104,"column":7}},"type":"if","locations":[{"start":{"line":100,"column":6},"end":{"line":104,"column":7}},{"start":{},"end":{}}]},"12":{"loc":{"start":{"line":110,"column":8},"end":{"line":114,"column":9}},"type":"if","locations":[{"start":{"line":110,"column":8},"end":{"line":114,"column":9}},{"start":{},"end":{}}]},"13":{"loc":{"start":{"line":110,"column":12},"end":{"line":110,"column":36}},"type":"binary-expr","locations":[{"start":{"line":110,"column":12},"end":{"line":110,"column":20}},{"start":{"line":110,"column":24},"end":{"line":110,"column":36}}]},"14":{"loc":{"start":{"line":125,"column":8},"end":{"line":127,"column":9}},"type":"if","locations":[{"start":{"line":125,"column":8},"end":{"line":127,"column":9}},{"start":{},"end":{}}]},"15":{"loc":{"start":{"line":135,"column":6},"end":{"line":139,"column":7}},"type":"if","locations":[{"start":{"line":135,"column":6},"end":{"line":139,"column":7}},{"start":{},"end":{}}]},"16":{"loc":{"start":{"line":143,"column":6},"end":{"line":147,"column":7}},"type":"if","locations":[{"start":{"line":143,"column":6},"end":{"line":147,"column":7}},{"start":{},"end":{}}]},"17":{"loc":{"start":{"line":158,"column":6},"end":{"line":162,"column":7}},"type":"if","locations":[{"start":{"line":158,"column":6},"end":{"line":162,"column":7}},{"start":{},"end":{}}]},"18":{"loc":{"start":{"line":174,"column":6},"end":{"line":178,"column":7}},"type":"if","locations":[{"start":{"line":174,"column":6},"end":{"line":178,"column":7}},{"start":{},"end":{}}]},"19":{"loc":{"start":{"line":189,"column":6},"end":{"line":193,"column":7}},"type":"if","locations":[{"start":{"line":189,"column":6},"end":{"line":193,"column":7}},{"start":{},"end":{}}]},"20":{"loc":{"start":{"line":201,"column":6},"end":{"line":205,"column":7}},"type":"if","locations":[{"start":{"line":201,"column":6},"end":{"line":205,"column":7}},{"start":{},"end":{}}]},"21":{"loc":{"start":{"line":211,"column":6},"end":{"line":215,"column":7}},"type":"if","locations":[{"start":{"line":211,"column":6},"end":{"line":215,"column":7}},{"start":{},"end":{}}]},"22":{"loc":{"start":{"line":222,"column":6},"end":{"line":226,"column":7}},"type":"if","locations":[{"start":{"line":222,"column":6},"end":{"line":226,"column":7}},{"start":{},"end":{}}]},"23":{"loc":{"start":{"line":237,"column":6},"end":{"line":241,"column":7}},"type":"if","locations":[{"start":{"line":237,"column":6},"end":{"line":241,"column":7}},{"start":{},"end":{}}]},"24":{"loc":{"start":{"line":249,"column":6},"end":{"line":253,"column":7}},"type":"if","locations":[{"start":{"line":249,"column":6},"end":{"line":253,"column":7}},{"start":{},"end":{}}]},"25":{"loc":{"start":{"line":259,"column":6},"end":{"line":263,"column":7}},"type":"if","locations":[{"start":{"line":259,"column":6},"end":{"line":263,"column":7}},{"start":{},"end":{}}]},"26":{"loc":{"start":{"line":270,"column":6},"end":{"line":274,"column":7}},"type":"if","locations":[{"start":{"line":270,"column":6},"end":{"line":274,"column":7}},{"start":{},"end":{}}]},"27":{"loc":{"start":{"line":285,"column":6},"end":{"line":289,"column":7}},"type":"if","locations":[{"start":{"line":285,"column":6},"end":{"line":289,"column":7}},{"start":{},"end":{}}]},"28":{"loc":{"start":{"line":297,"column":6},"end":{"line":301,"column":7}},"type":"if","locations":[{"start":{"line":297,"column":6},"end":{"line":301,"column":7}},{"start":{},"end":{}}]},"29":{"loc":{"start":{"line":307,"column":6},"end":{"line":311,"column":7}},"type":"if","locations":[{"start":{"line":307,"column":6},"end":{"line":311,"column":7}},{"start":{},"end":{}}]}},"s":{"0":3,"1":3,"2":3,"3":3,"4":3,"5":3,"6":3,"7":3,"8":3,"9":3,"10":0,"11":0,"12":0,"13":0,"14":3,"15":3,"16":1,"17":2,"18":0,"19":0,"20":0,"21":0,"22":0,"23":0,"24":0,"25":0,"26":0,"27":0,"28":0,"29":0,"30":0,"31":3,"32":3,"33":1,"34":2,"35":2,"36":1,"37":1,"38":0,"39":1,"40":1,"41":1,"42":0,"43":0,"44":0,"45":0,"46":0,"47":0,"48":0,"49":0,"50":0,"51":0,"52":0,"53":0,"54":0,"55":0,"56":0,"57":0,"58":0,"59":0,"60":0,"61":0,"62":0,"63":0,"64":0,"65":0,"66":0,"67":0,"68":0,"69":0,"70":0,"71":0,"72":2,"73":1,"74":1,"75":1,"76":3,"77":1,"78":2,"79":2,"80":1,"81":1,"82":3,"83":1,"84":2,"85":2,"86":0,"87":0,"88":0,"89":0,"90":0,"91":0,"92":0,"93":0,"94":0,"95":0,"96":0,"97":0,"98":0,"99":0,"100":0,"101":0,"102":0,"103":0,"104":0,"105":0,"106":0,"107":0,"108":0,"109":0,"110":0,"111":0,"112":0,"113":0},"f":{"0":0,"1":3,"2":0,"3":0,"4":0,"5":3,"6":0,"7":0,"8":0,"9":0,"10":2,"11":3,"12":3,"13":0,"14":0,"15":0,"16":0,"17":0,"18":0},"b":{"0":[0,0],"1":[1,2],"2":[0,0],"3":[0,0],"4":[0,0],"5":[1,2],"6":[1,1],"7":[0,1],"8":[1,1],"9":[0,0],"10":[0,0],"11":[0,0],"12":[0,0],"13":[0,0],"14":[0,0],"15":[0,0],"16":[0,0],"17":[0,0],"18":[1,1],"19":[1,2],"20":[1,1],"21":[1,2],"22":[0,0],"23":[0,0],"24":[0,0],"25":[0,0],"26":[0,0],"27":[0,0],"28":[0,0],"29":[0,0]}}
,"C:\\laragon\\www\\CodeFolio\\src\\graphql\\typeDefs.ts": {"path":"C:\\laragon\\www\\CodeFolio\\src\\graphql\\typeDefs.ts","statementMap":{"0":{"start":{"line":1,"column":13},"end":{"line":181,"column":2}}},"fnMap":{},"branchMap":{},"s":{"0":0},"f":{},"b":{}}
,"C:\\laragon\\www\\CodeFolio\\src\\models\\Experience.model.ts": {"path":"C:\\laragon\\www\\CodeFolio\\src\\models\\Experience.model.ts","statementMap":{"0":{"start":{"line":1,"column":0},"end":{"line":1,"column":41}},"1":{"start":{"line":3,"column":25},"end":{"line":13,"column":24}},"2":{"start":{"line":15,"column":13},"end":{"line":15,"column":64}}},"fnMap":{},"branchMap":{},"s":{"0":3,"1":3,"2":3},"f":{},"b":{}}
,"C:\\laragon\\www\\CodeFolio\\src\\models\\Profile.model.ts": {"path":"C:\\laragon\\www\\CodeFolio\\src\\models\\Profile.model.ts","statementMap":{"0":{"start":{"line":1,"column":0},"end":{"line":1,"column":41}},"1":{"start":{"line":3,"column":22},"end":{"line":18,"column":24}},"2":{"start":{"line":20,"column":13},"end":{"line":20,"column":55}}},"fnMap":{},"branchMap":{},"s":{"0":3,"1":3,"2":3},"f":{},"b":{}}
,"C:\\laragon\\www\\CodeFolio\\src\\models\\Project.model.ts": {"path":"C:\\laragon\\www\\CodeFolio\\src\\models\\Project.model.ts","statementMap":{"0":{"start":{"line":1,"column":0},"end":{"line":1,"column":41}},"1":{"start":{"line":3,"column":22},"end":{"line":14,"column":24}},"2":{"start":{"line":16,"column":13},"end":{"line":16,"column":55}}},"fnMap":{},"branchMap":{},"s":{"0":3,"1":3,"2":3},"f":{},"b":{}}
,"C:\\laragon\\www\\CodeFolio\\src\\models\\Skill.model.ts": {"path":"C:\\laragon\\www\\CodeFolio\\src\\models\\Skill.model.ts","statementMap":{"0":{"start":{"line":1,"column":0},"end":{"line":1,"column":41}},"1":{"start":{"line":3,"column":20},"end":{"line":9,"column":24}},"2":{"start":{"line":11,"column":13},"end":{"line":11,"column":49}}},"fnMap":{},"branchMap":{},"s":{"0":3,"1":3,"2":3},"f":{},"b":{}}
,"C:\\laragon\\www\\CodeFolio\\src\\models\\TokenBlacklist.model.ts": {"path":"C:\\laragon\\www\\CodeFolio\\src\\models\\TokenBlacklist.model.ts","statementMap":{"0":{"start":{"line":1,"column":0},"end":{"line":1,"column":54}},"1":{"start":{"line":10,"column":29},"end":{"line":31,"column":2}},"2":{"start":{"line":33,"column":13},"end":{"line":33,"column":102}}},"fnMap":{},"branchMap":{},"s":{"0":3,"1":3,"2":3},"f":{},"b":{}}
,"C:\\laragon\\www\\CodeFolio\\src\\models\\User.model.ts": {"path":"C:\\laragon\\www\\CodeFolio\\src\\models\\User.model.ts","statementMap":{"0":{"start":{"line":1,"column":0},"end":{"line":1,"column":41}},"1":{"start":{"line":3,"column":19},"end":{"line":6,"column":24}},"2":{"start":{"line":8,"column":13},"end":{"line":8,"column":46}}},"fnMap":{},"branchMap":{},"s":{"0":3,"1":3,"2":3},"f":{},"b":{}}
,"C:\\laragon\\www\\CodeFolio\\src\\scripts\\seedAdmin.ts": {"path":"C:\\laragon\\www\\CodeFolio\\src\\scripts\\seedAdmin.ts","statementMap":{"0":{"start":{"line":1,"column":0},"end":{"line":1,"column":28}},"1":{"start":{"line":2,"column":0},"end":{"line":2,"column":30}},"2":{"start":{"line":3,"column":0},"end":{"line":3,"column":47}},"3":{"start":{"line":4,"column":0},"end":{"line":4,"column":44}},"4":{"start":{"line":6,"column":0},"end":{"line":6,"column":16}},"5":{"start":{"line":8,"column":18},"end":{"line":33,"column":1}},"6":{"start":{"line":9,"column":2},"end":{"line":32,"column":3}},"7":{"start":{"line":10,"column":4},"end":{"line":10,"column":22}},"8":{"start":{"line":12,"column":26},"end":{"line":12,"column":67}},"9":{"start":{"line":13,"column":4},"end":{"line":16,"column":5}},"10":{"start":{"line":14,"column":6},"end":{"line":14,"column":44}},"11":{"start":{"line":15,"column":6},"end":{"line":15,"column":22}},"12":{"start":{"line":18,"column":27},"end":{"line":18,"column":60}},"13":{"start":{"line":20,"column":4},"end":{"line":23,"column":7}},"14":{"start":{"line":25,"column":4},"end":{"line":25,"column":53}},"15":{"start":{"line":26,"column":4},"end":{"line":26,"column":35}},"16":{"start":{"line":27,"column":4},"end":{"line":27,"column":38}},"17":{"start":{"line":28,"column":4},"end":{"line":28,"column":20}},"18":{"start":{"line":30,"column":4},"end":{"line":30,"column":52}},"19":{"start":{"line":31,"column":4},"end":{"line":31,"column":20}},"20":{"start":{"line":35,"column":0},"end":{"line":35,"column":12}}},"fnMap":{"0":{"name":"(anonymous_1)","decl":{"start":{"line":8,"column":18},"end":{"line":8,"column":23}},"loc":{"start":{"line":8,"column":29},"end":{"line":33,"column":1}}}},"branchMap":{"0":{"loc":{"start":{"line":13,"column":4},"end":{"line":16,"column":5}},"type":"if","locations":[{"start":{"line":13,"column":4},"end":{"line":16,"column":5}},{"start":{},"end":{}}]}},"s":{"0":0,"1":0,"2":0,"3":0,"4":0,"5":0,"6":0,"7":0,"8":0,"9":0,"10":0,"11":0,"12":0,"13":0,"14":0,"15":0,"16":0,"17":0,"18":0,"19":0,"20":0},"f":{"0":0},"b":{"0":[0,0]}}
,"C:\\laragon\\www\\CodeFolio\\src\\utils\\auth.ts": {"path":"C:\\laragon\\www\\CodeFolio\\src\\utils\\auth.ts","statementMap":{"0":{"start":{"line":1,"column":0},"end":{"line":1,"column":31}},"1":{"start":{"line":2,"column":0},"end":{"line":2,"column":64}},"2":{"start":{"line":4,"column":27},"end":{"line":13,"column":1}},"3":{"start":{"line":5,"column":2},"end":{"line":12,"column":3}},"4":{"start":{"line":6,"column":4},"end":{"line":8,"column":5}},"5":{"start":{"line":7,"column":6},"end":{"line":7,"column":51}},"6":{"start":{"line":9,"column":4},"end":{"line":9,"column":53}},"7":{"start":{"line":11,"column":4},"end":{"line":11,"column":16}},"8":{"start":{"line":4,"column":13},"end":{"line":4,"column":27}},"9":{"start":{"line":15,"column":34},"end":{"line":23,"column":1}},"10":{"start":{"line":16,"column":2},"end":{"line":22,"column":3}},"11":{"start":{"line":17,"column":24},"end":{"line":17,"column":63}},"12":{"start":{"line":18,"column":4},"end":{"line":18,"column":25}},"13":{"start":{"line":20,"column":4},"end":{"line":20,"column":60}},"14":{"start":{"line":21,"column":4},"end":{"line":21,"column":17}},"15":{"start":{"line":15,"column":13},"end":{"line":15,"column":34}},"16":{"start":{"line":25,"column":23},"end":{"line":50,"column":1}},"17":{"start":{"line":26,"column":2},"end":{"line":26,"column":54}},"18":{"start":{"line":27,"column":2},"end":{"line":27,"column":34}},"19":{"start":{"line":27,"column":22},"end":{"line":27,"column":34}},"20":{"start":{"line":29,"column":16},"end":{"line":29,"column":52}},"21":{"start":{"line":30,"column":2},"end":{"line":30,"column":66}},"22":{"start":{"line":33,"column":24},"end":{"line":33,"column":55}},"23":{"start":{"line":34,"column":2},"end":{"line":34,"column":48}},"24":{"start":{"line":35,"column":2},"end":{"line":37,"column":3}},"25":{"start":{"line":36,"column":4},"end":{"line":36,"column":16}},"26":{"start":{"line":39,"column":18},"end":{"line":39,"column":43}},"27":{"start":{"line":40,"column":2},"end":{"line":40,"column":41}},"28":{"start":{"line":42,"column":2},"end":{"line":42,"column":28}},"29":{"start":{"line":42,"column":16},"end":{"line":42,"column":28}},"30":{"start":{"line":44,"column":2},"end":{"line":49,"column":4}},"31":{"start":{"line":25,"column":13},"end":{"line":25,"column":23}}},"fnMap":{"0":{"name":"(anonymous_1)","decl":{"start":{"line":4,"column":27},"end":{"line":4,"column":28}},"loc":{"start":{"line":4,"column":45},"end":{"line":13,"column":1}}},"1":{"name":"(anonymous_2)","decl":{"start":{"line":15,"column":34},"end":{"line":15,"column":39}},"loc":{"start":{"line":15,"column":76},"end":{"line":23,"column":1}}},"2":{"name":"(anonymous_3)","decl":{"start":{"line":25,"column":23},"end":{"line":25,"column":28}},"loc":{"start":{"line":25,"column":56},"end":{"line":50,"column":1}}}},"branchMap":{"0":{"loc":{"start":{"line":6,"column":4},"end":{"line":8,"column":5}},"type":"if","locations":[{"start":{"line":6,"column":4},"end":{"line":8,"column":5}},{"start":{},"end":{}}]},"1":{"loc":{"start":{"line":27,"column":2},"end":{"line":27,"column":34}},"type":"if","locations":[{"start":{"line":27,"column":2},"end":{"line":27,"column":34}},{"start":{},"end":{}}]},"2":{"loc":{"start":{"line":35,"column":2},"end":{"line":37,"column":3}},"type":"if","locations":[{"start":{"line":35,"column":2},"end":{"line":37,"column":3}},{"start":{},"end":{}}]},"3":{"loc":{"start":{"line":42,"column":2},"end":{"line":42,"column":28}},"type":"if","locations":[{"start":{"line":42,"column":2},"end":{"line":42,"column":28}},{"start":{},"end":{}}]}},"s":{"0":0,"1":0,"2":0,"3":0,"4":0,"5":0,"6":0,"7":0,"8":0,"9":0,"10":0,"11":0,"12":0,"13":0,"14":0,"15":0,"16":0,"17":0,"18":0,"19":0,"20":0,"21":0,"22":0,"23":0,"24":0,"25":0,"26":0,"27":0,"28":0,"29":0,"30":0,"31":0},"f":{"0":0,"1":0,"2":0},"b":{"0":[0,0],"1":[0,0],"2":[0,0],"3":[0,0]}}
,"C:\\laragon\\www\\CodeFolio\\src\\utils\\logger.ts": {"path":"C:\\laragon\\www\\CodeFolio\\src\\utils\\logger.ts","statementMap":{"0":{"start":{"line":1,"column":0},"end":{"line":1,"column":30}},"1":{"start":{"line":3,"column":18},"end":{"line":8,"column":null}},"2":{"start":{"line":7,"column":4},"end":{"line":7,"column":91}},"3":{"start":{"line":11,"column":13},"end":{"line":29,"column":3}}},"fnMap":{"0":{"name":"(anonymous_1)","decl":{"start":{"line":6,"column":24},"end":{"line":6,"column":25}},"loc":{"start":{"line":6,"column":65},"end":{"line":8,"column":3}}}},"branchMap":{"0":{"loc":{"start":{"line":7,"column":63},"end":{"line":7,"column":88}},"type":"cond-expr","locations":[{"start":{"line":7,"column":71},"end":{"line":7,"column":83}},{"start":{"line":7,"column":86},"end":{"line":7,"column":88}}]},"1":{"loc":{"start":{"line":12,"column":9},"end":{"line":12,"column":40}},"type":"binary-expr","locations":[{"start":{"line":12,"column":9},"end":{"line":12,"column":30}},{"start":{"line":12,"column":34},"end":{"line":12,"column":40}}]}},"s":{"0":0,"1":0,"2":0,"3":0},"f":{"0":0},"b":{"0":[0,0],"1":[0,0]}}
,"C:\\laragon\\www\\CodeFolio\\src\\utils\\morganStream.ts": {"path":"C:\\laragon\\www\\CodeFolio\\src\\utils\\morganStream.ts","statementMap":{"0":{"start":{"line":1,"column":0},"end":{"line":1,"column":34}},"1":{"start":{"line":3,"column":13},"end":{"line":7,"column":2}},"2":{"start":{"line":5,"column":4},"end":{"line":5,"column":32}}},"fnMap":{"0":{"name":"(anonymous_0)","decl":{"start":{"line":4,"column":9},"end":{"line":4,"column":10}},"loc":{"start":{"line":4,"column":29},"end":{"line":6,"column":3}}}},"branchMap":{},"s":{"0":0,"1":0,"2":0},"f":{"0":0},"b":{}}
}
