{"C:\\laragon\\www\\CodeFolio\\src\\index.ts": {"path":"C:\\laragon\\www\\CodeFolio\\src\\index.ts","statementMap":{"0":{"start":{"line":1,"column":0},"end":{"line":1,"column":28}},"1":{"start":{"line":2,"column":0},"end":{"line":2,"column":46}},"2":{"start":{"line":3,"column":0},"end":{"line":3,"column":66}},"3":{"start":{"line":4,"column":0},"end":{"line":4,"column":46}},"4":{"start":{"line":5,"column":0},"end":{"line":5,"column":46}},"5":{"start":{"line":6,"column":0},"end":{"line":6,"column":48}},"6":{"start":{"line":7,"column":0},"end":{"line":7,"column":39}},"7":{"start":{"line":8,"column":0},"end":{"line":8,"column":40}},"8":{"start":{"line":10,"column":0},"end":{"line":10,"column":16}},"9":{"start":{"line":12,"column":20},"end":{"line":34,"column":1}},"10":{"start":{"line":13,"column":2},"end":{"line":13,"column":20}},"11":{"start":{"line":15,"column":17},"end":{"line":22,"column":4}},"12":{"start":{"line":19,"column":6},"end":{"line":19,"column":52}},"13":{"start":{"line":20,"column":6},"end":{"line":20,"column":19}},"14":{"start":{"line":24,"column":18},"end":{"line":31,"column":4}},"15":{"start":{"line":27,"column":19},"end":{"line":27,"column":53}},"16":{"start":{"line":28,"column":6},"end":{"line":28,"column":73}},"17":{"start":{"line":29,"column":6},"end":{"line":29,"column":22}},"18":{"start":{"line":33,"column":2},"end":{"line":33,"column":45}},"19":{"start":{"line":36,"column":0},"end":{"line":36,"column":14}}},"fnMap":{"0":{"name":"(anonymous_1)","decl":{"start":{"line":12,"column":20},"end":{"line":12,"column":25}},"loc":{"start":{"line":12,"column":31},"end":{"line":34,"column":1}}},"1":{"name":"(anonymous_2)","decl":{"start":{"line":18,"column":17},"end":{"line":18,"column":18}},"loc":{"start":{"line":18,"column":27},"end":{"line":21,"column":5}}},"2":{"name":"(anonymous_3)","decl":{"start":{"line":26,"column":13},"end":{"line":26,"column":18}},"loc":{"start":{"line":26,"column":31},"end":{"line":30,"column":5}}}},"branchMap":{"0":{"loc":{"start":{"line":25,"column":20},"end":{"line":25,"column":52}},"type":"binary-expr","locations":[{"start":{"line":25,"column":20},"end":{"line":25,"column":44}},{"start":{"line":25,"column":48},"end":{"line":25,"column":52}}]},"1":{"loc":{"start":{"line":28,"column":35},"end":{"line":28,"column":69}},"type":"cond-expr","locations":[{"start":{"line":28,"column":42},"end":{"line":28,"column":55}},{"start":{"line":28,"column":58},"end":{"line":28,"column":69}}]}},"s":{"0":0,"1":0,"2":0,"3":0,"4":0,"5":0,"6":0,"7":0,"8":0,"9":0,"10":0,"11":0,"12":0,"13":0,"14":0,"15":0,"16":0,"17":0,"18":0,"19":0},"f":{"0":0,"1":0,"2":0},"b":{"0":[0,0],"1":[0,0]}}
,"C:\\laragon\\www\\CodeFolio\\src\\config\\database.ts": {"path":"C:\\laragon\\www\\CodeFolio\\src\\config\\database.ts","statementMap":{"0":{"start":{"line":1,"column":0},"end":{"line":1,"column":32}},"1":{"start":{"line":3,"column":25},"end":{"line":11,"column":1}},"2":{"start":{"line":4,"column":2},"end":{"line":10,"column":3}},"3":{"start":{"line":5,"column":4},"end":{"line":5,"column":51}},"4":{"start":{"line":6,"column":4},"end":{"line":6,"column":39}},"5":{"start":{"line":8,"column":4},"end":{"line":8,"column":56}},"6":{"start":{"line":9,"column":4},"end":{"line":9,"column":20}},"7":{"start":{"line":3,"column":13},"end":{"line":3,"column":25}}},"fnMap":{"0":{"name":"(anonymous_1)","decl":{"start":{"line":3,"column":25},"end":{"line":3,"column":30}},"loc":{"start":{"line":3,"column":36},"end":{"line":11,"column":1}}}},"branchMap":{},"s":{"0":0,"1":0,"2":0,"3":0,"4":0,"5":0,"6":0,"7":0},"f":{"0":0},"b":{}}
,"C:\\laragon\\www\\CodeFolio\\src\\graphql\\resolvers.ts": {"path":"C:\\laragon\\www\\CodeFolio\\src\\graphql\\resolvers.ts","statementMap":{"0":{"start":{"line":1,"column":0},"end":{"line":1,"column":39}},"1":{"start":{"line":2,"column":0},"end":{"line":2,"column":50}},"2":{"start":{"line":3,"column":0},"end":{"line":3,"column":50}},"3":{"start":{"line":4,"column":0},"end":{"line":4,"column":46}},"4":{"start":{"line":5,"column":0},"end":{"line":5,"column":56}},"5":{"start":{"line":6,"column":0},"end":{"line":6,"column":44}},"6":{"start":{"line":7,"column":0},"end":{"line":7,"column":30}},"7":{"start":{"line":8,"column":0},"end":{"line":8,"column":31}},"8":{"start":{"line":10,"column":13},"end":{"line":246,"column":2}},"9":{"start":{"line":13,"column":6},"end":{"line":13,"column":47}},"10":{"start":{"line":17,"column":6},"end":{"line":17,"column":44}},"11":{"start":{"line":21,"column":6},"end":{"line":21,"column":42}},"12":{"start":{"line":25,"column":6},"end":{"line":25,"column":47}},"13":{"start":{"line":29,"column":55},"end":{"line":34,"column":8}},"14":{"start":{"line":36,"column":6},"end":{"line":36,"column":56}},"15":{"start":{"line":42,"column":19},"end":{"line":42,"column":51}},"16":{"start":{"line":43,"column":6},"end":{"line":47,"column":7}},"17":{"start":{"line":44,"column":8},"end":{"line":46,"column":11}},"18":{"start":{"line":49,"column":22},"end":{"line":49,"column":67}},"19":{"start":{"line":50,"column":6},"end":{"line":54,"column":7}},"20":{"start":{"line":51,"column":8},"end":{"line":53,"column":11}},"21":{"start":{"line":56,"column":6},"end":{"line":60,"column":7}},"22":{"start":{"line":57,"column":8},"end":{"line":59,"column":11}},"23":{"start":{"line":62,"column":26},"end":{"line":62,"column":102}},"24":{"start":{"line":63,"column":27},"end":{"line":63,"column":110}},"25":{"start":{"line":64,"column":6},"end":{"line":64,"column":43}},"26":{"start":{"line":69,"column":6},"end":{"line":73,"column":7}},"27":{"start":{"line":70,"column":8},"end":{"line":72,"column":11}},"28":{"start":{"line":75,"column":6},"end":{"line":83,"column":7}},"29":{"start":{"line":76,"column":24},"end":{"line":76,"column":102}},"30":{"start":{"line":77,"column":28},"end":{"line":77,"column":110}},"31":{"start":{"line":78,"column":8},"end":{"line":78,"column":45}},"32":{"start":{"line":80,"column":8},"end":{"line":82,"column":11}},"33":{"start":{"line":87,"column":6},"end":{"line":91,"column":7}},"34":{"start":{"line":88,"column":8},"end":{"line":90,"column":11}},"35":{"start":{"line":93,"column":22},"end":{"line":96,"column":null}},"36":{"start":{"line":99,"column":6},"end":{"line":99,"column":21}},"37":{"start":{"line":103,"column":6},"end":{"line":107,"column":7}},"38":{"start":{"line":104,"column":8},"end":{"line":106,"column":11}},"39":{"start":{"line":109,"column":22},"end":{"line":112,"column":8}},"40":{"start":{"line":114,"column":6},"end":{"line":114,"column":21}},"41":{"start":{"line":118,"column":6},"end":{"line":122,"column":7}},"42":{"start":{"line":119,"column":8},"end":{"line":121,"column":11}},"43":{"start":{"line":124,"column":22},"end":{"line":127,"column":null}},"44":{"start":{"line":130,"column":6},"end":{"line":134,"column":7}},"45":{"start":{"line":131,"column":8},"end":{"line":133,"column":11}},"46":{"start":{"line":136,"column":6},"end":{"line":136,"column":21}},"47":{"start":{"line":140,"column":6},"end":{"line":144,"column":7}},"48":{"start":{"line":141,"column":8},"end":{"line":143,"column":11}},"49":{"start":{"line":146,"column":21},"end":{"line":146,"column":89}},"50":{"start":{"line":147,"column":6},"end":{"line":147,"column":22}},"51":{"start":{"line":151,"column":6},"end":{"line":155,"column":7}},"52":{"start":{"line":152,"column":8},"end":{"line":154,"column":11}},"53":{"start":{"line":157,"column":20},"end":{"line":160,"column":8}},"54":{"start":{"line":162,"column":6},"end":{"line":162,"column":19}},"55":{"start":{"line":166,"column":6},"end":{"line":170,"column":7}},"56":{"start":{"line":167,"column":8},"end":{"line":169,"column":11}},"57":{"start":{"line":172,"column":20},"end":{"line":175,"column":null}},"58":{"start":{"line":178,"column":6},"end":{"line":182,"column":7}},"59":{"start":{"line":179,"column":8},"end":{"line":181,"column":11}},"60":{"start":{"line":184,"column":6},"end":{"line":184,"column":19}},"61":{"start":{"line":188,"column":6},"end":{"line":192,"column":7}},"62":{"start":{"line":189,"column":8},"end":{"line":191,"column":11}},"63":{"start":{"line":194,"column":21},"end":{"line":194,"column":87}},"64":{"start":{"line":195,"column":6},"end":{"line":195,"column":22}},"65":{"start":{"line":199,"column":6},"end":{"line":203,"column":7}},"66":{"start":{"line":200,"column":8},"end":{"line":202,"column":11}},"67":{"start":{"line":205,"column":25},"end":{"line":208,"column":8}},"68":{"start":{"line":210,"column":6},"end":{"line":210,"column":24}},"69":{"start":{"line":214,"column":6},"end":{"line":218,"column":7}},"70":{"start":{"line":215,"column":8},"end":{"line":217,"column":11}},"71":{"start":{"line":220,"column":25},"end":{"line":223,"column":null}},"72":{"start":{"line":226,"column":6},"end":{"line":230,"column":7}},"73":{"start":{"line":227,"column":8},"end":{"line":229,"column":11}},"74":{"start":{"line":232,"column":6},"end":{"line":232,"column":24}},"75":{"start":{"line":236,"column":6},"end":{"line":240,"column":7}},"76":{"start":{"line":237,"column":8},"end":{"line":239,"column":11}},"77":{"start":{"line":242,"column":21},"end":{"line":242,"column":92}},"78":{"start":{"line":243,"column":6},"end":{"line":243,"column":22}}},"fnMap":{"0":{"name":"(anonymous_1)","decl":{"start":{"line":12,"column":15},"end":{"line":12,"column":20}},"loc":{"start":{"line":12,"column":64},"end":{"line":14,"column":5}}},"1":{"name":"(anonymous_2)","decl":{"start":{"line":16,"column":16},"end":{"line":16,"column":21}},"loc":{"start":{"line":16,"column":65},"end":{"line":18,"column":5}}},"2":{"name":"(anonymous_3)","decl":{"start":{"line":20,"column":20},"end":{"line":20,"column":25}},"loc":{"start":{"line":20,"column":69},"end":{"line":22,"column":5}}},"3":{"name":"(anonymous_4)","decl":{"start":{"line":24,"column":20},"end":{"line":24,"column":25}},"loc":{"start":{"line":24,"column":69},"end":{"line":26,"column":5}}},"4":{"name":"(anonymous_5)","decl":{"start":{"line":28,"column":18},"end":{"line":28,"column":23}},"loc":{"start":{"line":28,"column":67},"end":{"line":37,"column":5}}},"5":{"name":"(anonymous_6)","decl":{"start":{"line":41,"column":11},"end":{"line":41,"column":16}},"loc":{"start":{"line":41,"column":92},"end":{"line":65,"column":5}}},"6":{"name":"(anonymous_7)","decl":{"start":{"line":68,"column":18},"end":{"line":68,"column":23}},"loc":{"start":{"line":68,"column":79},"end":{"line":84,"column":5}}},"7":{"name":"(anonymous_8)","decl":{"start":{"line":86,"column":18},"end":{"line":86,"column":23}},"loc":{"start":{"line":86,"column":65},"end":{"line":100,"column":5}}},"8":{"name":"(anonymous_9)","decl":{"start":{"line":102,"column":18},"end":{"line":102,"column":23}},"loc":{"start":{"line":102,"column":65},"end":{"line":115,"column":5}}},"9":{"name":"(anonymous_10)","decl":{"start":{"line":117,"column":18},"end":{"line":117,"column":23}},"loc":{"start":{"line":117,"column":69},"end":{"line":137,"column":5}}},"10":{"name":"(anonymous_11)","decl":{"start":{"line":139,"column":18},"end":{"line":139,"column":23}},"loc":{"start":{"line":139,"column":62},"end":{"line":148,"column":5}}},"11":{"name":"(anonymous_12)","decl":{"start":{"line":150,"column":22},"end":{"line":150,"column":27}},"loc":{"start":{"line":150,"column":69},"end":{"line":163,"column":5}}},"12":{"name":"(anonymous_13)","decl":{"start":{"line":165,"column":22},"end":{"line":165,"column":27}},"loc":{"start":{"line":165,"column":73},"end":{"line":185,"column":5}}},"13":{"name":"(anonymous_14)","decl":{"start":{"line":187,"column":22},"end":{"line":187,"column":27}},"loc":{"start":{"line":187,"column":66},"end":{"line":196,"column":5}}},"14":{"name":"(anonymous_15)","decl":{"start":{"line":198,"column":22},"end":{"line":198,"column":27}},"loc":{"start":{"line":198,"column":69},"end":{"line":211,"column":5}}},"15":{"name":"(anonymous_16)","decl":{"start":{"line":213,"column":22},"end":{"line":213,"column":27}},"loc":{"start":{"line":213,"column":73},"end":{"line":233,"column":5}}},"16":{"name":"(anonymous_17)","decl":{"start":{"line":235,"column":22},"end":{"line":235,"column":27}},"loc":{"start":{"line":235,"column":66},"end":{"line":244,"column":5}}}},"branchMap":{"0":{"loc":{"start":{"line":43,"column":6},"end":{"line":47,"column":7}},"type":"if","locations":[{"start":{"line":43,"column":6},"end":{"line":47,"column":7}},{"start":{},"end":{}}]},"1":{"loc":{"start":{"line":50,"column":6},"end":{"line":54,"column":7}},"type":"if","locations":[{"start":{"line":50,"column":6},"end":{"line":54,"column":7}},{"start":{},"end":{}}]},"2":{"loc":{"start":{"line":56,"column":6},"end":{"line":60,"column":7}},"type":"if","locations":[{"start":{"line":56,"column":6},"end":{"line":60,"column":7}},{"start":{},"end":{}}]},"3":{"loc":{"start":{"line":56,"column":10},"end":{"line":56,"column":68}},"type":"binary-expr","locations":[{"start":{"line":56,"column":10},"end":{"line":56,"column":33}},{"start":{"line":56,"column":37},"end":{"line":56,"column":68}}]},"4":{"loc":{"start":{"line":69,"column":6},"end":{"line":73,"column":7}},"type":"if","locations":[{"start":{"line":69,"column":6},"end":{"line":73,"column":7}},{"start":{},"end":{}}]},"5":{"loc":{"start":{"line":69,"column":10},"end":{"line":69,"column":68}},"type":"binary-expr","locations":[{"start":{"line":69,"column":10},"end":{"line":69,"column":33}},{"start":{"line":69,"column":37},"end":{"line":69,"column":68}}]},"6":{"loc":{"start":{"line":87,"column":6},"end":{"line":91,"column":7}},"type":"if","locations":[{"start":{"line":87,"column":6},"end":{"line":91,"column":7}},{"start":{},"end":{}}]},"7":{"loc":{"start":{"line":103,"column":6},"end":{"line":107,"column":7}},"type":"if","locations":[{"start":{"line":103,"column":6},"end":{"line":107,"column":7}},{"start":{},"end":{}}]},"8":{"loc":{"start":{"line":118,"column":6},"end":{"line":122,"column":7}},"type":"if","locations":[{"start":{"line":118,"column":6},"end":{"line":122,"column":7}},{"start":{},"end":{}}]},"9":{"loc":{"start":{"line":130,"column":6},"end":{"line":134,"column":7}},"type":"if","locations":[{"start":{"line":130,"column":6},"end":{"line":134,"column":7}},{"start":{},"end":{}}]},"10":{"loc":{"start":{"line":140,"column":6},"end":{"line":144,"column":7}},"type":"if","locations":[{"start":{"line":140,"column":6},"end":{"line":144,"column":7}},{"start":{},"end":{}}]},"11":{"loc":{"start":{"line":151,"column":6},"end":{"line":155,"column":7}},"type":"if","locations":[{"start":{"line":151,"column":6},"end":{"line":155,"column":7}},{"start":{},"end":{}}]},"12":{"loc":{"start":{"line":166,"column":6},"end":{"line":170,"column":7}},"type":"if","locations":[{"start":{"line":166,"column":6},"end":{"line":170,"column":7}},{"start":{},"end":{}}]},"13":{"loc":{"start":{"line":178,"column":6},"end":{"line":182,"column":7}},"type":"if","locations":[{"start":{"line":178,"column":6},"end":{"line":182,"column":7}},{"start":{},"end":{}}]},"14":{"loc":{"start":{"line":188,"column":6},"end":{"line":192,"column":7}},"type":"if","locations":[{"start":{"line":188,"column":6},"end":{"line":192,"column":7}},{"start":{},"end":{}}]},"15":{"loc":{"start":{"line":199,"column":6},"end":{"line":203,"column":7}},"type":"if","locations":[{"start":{"line":199,"column":6},"end":{"line":203,"column":7}},{"start":{},"end":{}}]},"16":{"loc":{"start":{"line":214,"column":6},"end":{"line":218,"column":7}},"type":"if","locations":[{"start":{"line":214,"column":6},"end":{"line":218,"column":7}},{"start":{},"end":{}}]},"17":{"loc":{"start":{"line":226,"column":6},"end":{"line":230,"column":7}},"type":"if","locations":[{"start":{"line":226,"column":6},"end":{"line":230,"column":7}},{"start":{},"end":{}}]},"18":{"loc":{"start":{"line":236,"column":6},"end":{"line":240,"column":7}},"type":"if","locations":[{"start":{"line":236,"column":6},"end":{"line":240,"column":7}},{"start":{},"end":{}}]}},"s":{"0":3,"1":3,"2":3,"3":3,"4":3,"5":3,"6":3,"7":3,"8":3,"9":0,"10":2,"11":0,"12":0,"13":0,"14":0,"15":3,"16":3,"17":1,"18":2,"19":2,"20":1,"21":1,"22":0,"23":1,"24":1,"25":1,"26":0,"27":0,"28":0,"29":0,"30":0,"31":0,"32":0,"33":0,"34":0,"35":0,"36":0,"37":2,"38":1,"39":1,"40":1,"41":3,"42":1,"43":2,"44":2,"45":1,"46":1,"47":3,"48":1,"49":2,"50":2,"51":0,"52":0,"53":0,"54":0,"55":0,"56":0,"57":0,"58":0,"59":0,"60":0,"61":0,"62":0,"63":0,"64":0,"65":0,"66":0,"67":0,"68":0,"69":0,"70":0,"71":0,"72":0,"73":0,"74":0,"75":0,"76":0,"77":0,"78":0},"f":{"0":0,"1":2,"2":0,"3":0,"4":0,"5":3,"6":0,"7":0,"8":2,"9":3,"10":3,"11":0,"12":0,"13":0,"14":0,"15":0,"16":0},"b":{"0":[1,2],"1":[1,1],"2":[0,1],"3":[1,1],"4":[0,0],"5":[0,0],"6":[0,0],"7":[1,1],"8":[1,2],"9":[1,1],"10":[1,2],"11":[0,0],"12":[0,0],"13":[0,0],"14":[0,0],"15":[0,0],"16":[0,0],"17":[0,0],"18":[0,0]}}
,"C:\\laragon\\www\\CodeFolio\\src\\graphql\\typeDefs.ts": {"path":"C:\\laragon\\www\\CodeFolio\\src\\graphql\\typeDefs.ts","statementMap":{"0":{"start":{"line":1,"column":13},"end":{"line":179,"column":2}}},"fnMap":{},"branchMap":{},"s":{"0":0},"f":{},"b":{}}
,"C:\\laragon\\www\\CodeFolio\\src\\models\\Experience.model.ts": {"path":"C:\\laragon\\www\\CodeFolio\\src\\models\\Experience.model.ts","statementMap":{"0":{"start":{"line":1,"column":0},"end":{"line":1,"column":41}},"1":{"start":{"line":3,"column":25},"end":{"line":13,"column":24}},"2":{"start":{"line":15,"column":13},"end":{"line":15,"column":64}}},"fnMap":{},"branchMap":{},"s":{"0":3,"1":3,"2":3},"f":{},"b":{}}
,"C:\\laragon\\www\\CodeFolio\\src\\models\\Profile.model.ts": {"path":"C:\\laragon\\www\\CodeFolio\\src\\models\\Profile.model.ts","statementMap":{"0":{"start":{"line":1,"column":0},"end":{"line":1,"column":41}},"1":{"start":{"line":3,"column":22},"end":{"line":18,"column":24}},"2":{"start":{"line":20,"column":13},"end":{"line":20,"column":55}}},"fnMap":{},"branchMap":{},"s":{"0":3,"1":3,"2":3},"f":{},"b":{}}
,"C:\\laragon\\www\\CodeFolio\\src\\models\\Project.model.ts": {"path":"C:\\laragon\\www\\CodeFolio\\src\\models\\Project.model.ts","statementMap":{"0":{"start":{"line":1,"column":0},"end":{"line":1,"column":41}},"1":{"start":{"line":3,"column":22},"end":{"line":14,"column":24}},"2":{"start":{"line":16,"column":13},"end":{"line":16,"column":55}}},"fnMap":{},"branchMap":{},"s":{"0":3,"1":3,"2":3},"f":{},"b":{}}
,"C:\\laragon\\www\\CodeFolio\\src\\models\\Skill.model.ts": {"path":"C:\\laragon\\www\\CodeFolio\\src\\models\\Skill.model.ts","statementMap":{"0":{"start":{"line":1,"column":0},"end":{"line":1,"column":41}},"1":{"start":{"line":3,"column":20},"end":{"line":9,"column":24}},"2":{"start":{"line":11,"column":13},"end":{"line":11,"column":49}}},"fnMap":{},"branchMap":{},"s":{"0":3,"1":3,"2":3},"f":{},"b":{}}
,"C:\\laragon\\www\\CodeFolio\\src\\models\\User.model.ts": {"path":"C:\\laragon\\www\\CodeFolio\\src\\models\\User.model.ts","statementMap":{"0":{"start":{"line":1,"column":0},"end":{"line":1,"column":41}},"1":{"start":{"line":3,"column":19},"end":{"line":6,"column":24}},"2":{"start":{"line":8,"column":13},"end":{"line":8,"column":46}}},"fnMap":{},"branchMap":{},"s":{"0":3,"1":3,"2":3},"f":{},"b":{}}
,"C:\\laragon\\www\\CodeFolio\\src\\scripts\\seedAdmin.ts": {"path":"C:\\laragon\\www\\CodeFolio\\src\\scripts\\seedAdmin.ts","statementMap":{"0":{"start":{"line":1,"column":0},"end":{"line":1,"column":28}},"1":{"start":{"line":2,"column":0},"end":{"line":2,"column":30}},"2":{"start":{"line":3,"column":0},"end":{"line":3,"column":47}},"3":{"start":{"line":4,"column":0},"end":{"line":4,"column":44}},"4":{"start":{"line":6,"column":0},"end":{"line":6,"column":16}},"5":{"start":{"line":8,"column":18},"end":{"line":33,"column":1}},"6":{"start":{"line":9,"column":2},"end":{"line":32,"column":3}},"7":{"start":{"line":10,"column":4},"end":{"line":10,"column":22}},"8":{"start":{"line":12,"column":26},"end":{"line":12,"column":67}},"9":{"start":{"line":13,"column":4},"end":{"line":16,"column":5}},"10":{"start":{"line":14,"column":6},"end":{"line":14,"column":44}},"11":{"start":{"line":15,"column":6},"end":{"line":15,"column":22}},"12":{"start":{"line":18,"column":27},"end":{"line":18,"column":60}},"13":{"start":{"line":20,"column":4},"end":{"line":23,"column":7}},"14":{"start":{"line":25,"column":4},"end":{"line":25,"column":53}},"15":{"start":{"line":26,"column":4},"end":{"line":26,"column":35}},"16":{"start":{"line":27,"column":4},"end":{"line":27,"column":38}},"17":{"start":{"line":28,"column":4},"end":{"line":28,"column":20}},"18":{"start":{"line":30,"column":4},"end":{"line":30,"column":52}},"19":{"start":{"line":31,"column":4},"end":{"line":31,"column":20}},"20":{"start":{"line":35,"column":0},"end":{"line":35,"column":12}}},"fnMap":{"0":{"name":"(anonymous_1)","decl":{"start":{"line":8,"column":18},"end":{"line":8,"column":23}},"loc":{"start":{"line":8,"column":29},"end":{"line":33,"column":1}}}},"branchMap":{"0":{"loc":{"start":{"line":13,"column":4},"end":{"line":16,"column":5}},"type":"if","locations":[{"start":{"line":13,"column":4},"end":{"line":16,"column":5}},{"start":{},"end":{}}]}},"s":{"0":0,"1":0,"2":0,"3":0,"4":0,"5":0,"6":0,"7":0,"8":0,"9":0,"10":0,"11":0,"12":0,"13":0,"14":0,"15":0,"16":0,"17":0,"18":0,"19":0,"20":0},"f":{"0":0},"b":{"0":[0,0]}}
,"C:\\laragon\\www\\CodeFolio\\src\\utils\\auth.ts": {"path":"C:\\laragon\\www\\CodeFolio\\src\\utils\\auth.ts","statementMap":{"0":{"start":{"line":1,"column":0},"end":{"line":1,"column":31}},"1":{"start":{"line":3,"column":27},"end":{"line":12,"column":1}},"2":{"start":{"line":4,"column":2},"end":{"line":11,"column":3}},"3":{"start":{"line":5,"column":4},"end":{"line":7,"column":5}},"4":{"start":{"line":6,"column":6},"end":{"line":6,"column":51}},"5":{"start":{"line":8,"column":4},"end":{"line":8,"column":53}},"6":{"start":{"line":10,"column":4},"end":{"line":10,"column":16}},"7":{"start":{"line":3,"column":13},"end":{"line":3,"column":27}},"8":{"start":{"line":14,"column":23},"end":{"line":27,"column":1}},"9":{"start":{"line":15,"column":2},"end":{"line":15,"column":34}},"10":{"start":{"line":15,"column":22},"end":{"line":15,"column":34}},"11":{"start":{"line":17,"column":16},"end":{"line":17,"column":52}},"12":{"start":{"line":18,"column":18},"end":{"line":18,"column":43}},"13":{"start":{"line":20,"column":2},"end":{"line":20,"column":28}},"14":{"start":{"line":20,"column":16},"end":{"line":20,"column":28}},"15":{"start":{"line":22,"column":2},"end":{"line":26,"column":4}},"16":{"start":{"line":14,"column":13},"end":{"line":14,"column":23}}},"fnMap":{"0":{"name":"(anonymous_1)","decl":{"start":{"line":3,"column":27},"end":{"line":3,"column":28}},"loc":{"start":{"line":3,"column":45},"end":{"line":12,"column":1}}},"1":{"name":"(anonymous_2)","decl":{"start":{"line":14,"column":23},"end":{"line":14,"column":24}},"loc":{"start":{"line":14,"column":50},"end":{"line":27,"column":1}}}},"branchMap":{"0":{"loc":{"start":{"line":5,"column":4},"end":{"line":7,"column":5}},"type":"if","locations":[{"start":{"line":5,"column":4},"end":{"line":7,"column":5}},{"start":{},"end":{}}]},"1":{"loc":{"start":{"line":15,"column":2},"end":{"line":15,"column":34}},"type":"if","locations":[{"start":{"line":15,"column":2},"end":{"line":15,"column":34}},{"start":{},"end":{}}]},"2":{"loc":{"start":{"line":20,"column":2},"end":{"line":20,"column":28}},"type":"if","locations":[{"start":{"line":20,"column":2},"end":{"line":20,"column":28}},{"start":{},"end":{}}]}},"s":{"0":0,"1":0,"2":0,"3":0,"4":0,"5":0,"6":0,"7":0,"8":0,"9":0,"10":0,"11":0,"12":0,"13":0,"14":0,"15":0,"16":0},"f":{"0":0,"1":0},"b":{"0":[0,0],"1":[0,0],"2":[0,0]}}
,"C:\\laragon\\www\\CodeFolio\\src\\utils\\logger.ts": {"path":"C:\\laragon\\www\\CodeFolio\\src\\utils\\logger.ts","statementMap":{"0":{"start":{"line":1,"column":13},"end":{"line":11,"column":2}},"1":{"start":{"line":3,"column":4},"end":{"line":3,"column":76}},"2":{"start":{"line":6,"column":4},"end":{"line":6,"column":79}},"3":{"start":{"line":9,"column":4},"end":{"line":9,"column":77}}},"fnMap":{"0":{"name":"(anonymous_0)","decl":{"start":{"line":2,"column":8},"end":{"line":2,"column":9}},"loc":{"start":{"line":2,"column":44},"end":{"line":4,"column":3}}},"1":{"name":"(anonymous_1)","decl":{"start":{"line":5,"column":9},"end":{"line":5,"column":10}},"loc":{"start":{"line":5,"column":45},"end":{"line":7,"column":3}}},"2":{"name":"(anonymous_2)","decl":{"start":{"line":8,"column":8},"end":{"line":8,"column":9}},"loc":{"start":{"line":8,"column":44},"end":{"line":10,"column":3}}}},"branchMap":{},"s":{"0":0,"1":0,"2":0,"3":0},"f":{"0":0,"1":0,"2":0},"b":{}}
}
