TN:
SF:src\index.ts
FN:12,(anonymous_1)
FN:18,(anonymous_2)
FN:26,(anonymous_3)
FNF:3
FNH:0
FNDA:0,(anonymous_1)
FNDA:0,(anonymous_2)
FNDA:0,(anonymous_3)
DA:1,0
DA:2,0
DA:3,0
DA:4,0
DA:5,0
DA:6,0
DA:7,0
DA:8,0
DA:10,0
DA:12,0
DA:13,0
DA:15,0
DA:19,0
DA:20,0
DA:24,0
DA:27,0
DA:28,0
DA:29,0
DA:33,0
DA:36,0
LF:20
LH:0
BRDA:25,0,0,0
BRDA:25,0,1,0
BRDA:28,1,0,0
BRDA:28,1,1,0
BRF:4
BRH:0
end_of_record
TN:
SF:src\config\database.ts
FN:3,(anonymous_1)
FNF:1
FNH:0
FNDA:0,(anonymous_1)
DA:1,0
DA:3,0
DA:4,0
DA:5,0
DA:6,0
DA:8,0
DA:9,0
LF:7
LH:0
BRF:0
BRH:0
end_of_record
TN:
SF:src\graphql\resolvers.ts
FN:12,(anonymous_1)
FN:16,(anonymous_2)
FN:20,(anonymous_3)
FN:24,(anonymous_4)
FN:28,(anonymous_5)
FN:41,(anonymous_6)
FN:68,(anonymous_7)
FN:86,(anonymous_8)
FN:102,(anonymous_9)
FN:117,(anonymous_10)
FN:139,(anonymous_11)
FN:150,(anonymous_12)
FN:165,(anonymous_13)
FN:187,(anonymous_14)
FN:198,(anonymous_15)
FN:213,(anonymous_16)
FN:235,(anonymous_17)
FNF:17
FNH:5
FNDA:0,(anonymous_1)
FNDA:2,(anonymous_2)
FNDA:0,(anonymous_3)
FNDA:0,(anonymous_4)
FNDA:0,(anonymous_5)
FNDA:3,(anonymous_6)
FNDA:0,(anonymous_7)
FNDA:0,(anonymous_8)
FNDA:2,(anonymous_9)
FNDA:3,(anonymous_10)
FNDA:3,(anonymous_11)
FNDA:0,(anonymous_12)
FNDA:0,(anonymous_13)
FNDA:0,(anonymous_14)
FNDA:0,(anonymous_15)
FNDA:0,(anonymous_16)
FNDA:0,(anonymous_17)
DA:1,3
DA:2,3
DA:3,3
DA:4,3
DA:5,3
DA:6,3
DA:7,3
DA:8,3
DA:10,3
DA:13,0
DA:17,2
DA:21,0
DA:25,0
DA:29,0
DA:36,0
DA:42,3
DA:43,3
DA:44,1
DA:49,2
DA:50,2
DA:51,1
DA:56,1
DA:57,0
DA:62,1
DA:63,1
DA:64,1
DA:69,0
DA:70,0
DA:75,0
DA:76,0
DA:77,0
DA:78,0
DA:80,0
DA:87,0
DA:88,0
DA:93,0
DA:99,0
DA:103,2
DA:104,1
DA:109,1
DA:114,1
DA:118,3
DA:119,1
DA:124,2
DA:130,2
DA:131,1
DA:136,1
DA:140,3
DA:141,1
DA:146,2
DA:147,2
DA:151,0
DA:152,0
DA:157,0
DA:162,0
DA:166,0
DA:167,0
DA:172,0
DA:178,0
DA:179,0
DA:184,0
DA:188,0
DA:189,0
DA:194,0
DA:195,0
DA:199,0
DA:200,0
DA:205,0
DA:210,0
DA:214,0
DA:215,0
DA:220,0
DA:226,0
DA:227,0
DA:232,0
DA:236,0
DA:237,0
DA:242,0
DA:243,0
LF:79
LH:34
BRDA:43,0,0,1
BRDA:43,0,1,2
BRDA:50,1,0,1
BRDA:50,1,1,1
BRDA:56,2,0,0
BRDA:56,2,1,1
BRDA:56,3,0,1
BRDA:56,3,1,1
BRDA:69,4,0,0
BRDA:69,4,1,0
BRDA:69,5,0,0
BRDA:69,5,1,0
BRDA:87,6,0,0
BRDA:87,6,1,0
BRDA:103,7,0,1
BRDA:103,7,1,1
BRDA:118,8,0,1
BRDA:118,8,1,2
BRDA:130,9,0,1
BRDA:130,9,1,1
BRDA:140,10,0,1
BRDA:140,10,1,2
BRDA:151,11,0,0
BRDA:151,11,1,0
BRDA:166,12,0,0
BRDA:166,12,1,0
BRDA:178,13,0,0
BRDA:178,13,1,0
BRDA:188,14,0,0
BRDA:188,14,1,0
BRDA:199,15,0,0
BRDA:199,15,1,0
BRDA:214,16,0,0
BRDA:214,16,1,0
BRDA:226,17,0,0
BRDA:226,17,1,0
BRDA:236,18,0,0
BRDA:236,18,1,0
BRF:38
BRH:15
end_of_record
TN:
SF:src\graphql\typeDefs.ts
FNF:0
FNH:0
DA:1,0
LF:1
LH:0
BRF:0
BRH:0
end_of_record
TN:
SF:src\models\Experience.model.ts
FNF:0
FNH:0
DA:1,3
DA:3,3
DA:15,3
LF:3
LH:3
BRF:0
BRH:0
end_of_record
TN:
SF:src\models\Profile.model.ts
FNF:0
FNH:0
DA:1,3
DA:3,3
DA:20,3
LF:3
LH:3
BRF:0
BRH:0
end_of_record
TN:
SF:src\models\Project.model.ts
FNF:0
FNH:0
DA:1,3
DA:3,3
DA:16,3
LF:3
LH:3
BRF:0
BRH:0
end_of_record
TN:
SF:src\models\Skill.model.ts
FNF:0
FNH:0
DA:1,3
DA:3,3
DA:11,3
LF:3
LH:3
BRF:0
BRH:0
end_of_record
TN:
SF:src\models\User.model.ts
FNF:0
FNH:0
DA:1,3
DA:3,3
DA:8,3
LF:3
LH:3
BRF:0
BRH:0
end_of_record
TN:
SF:src\scripts\seedAdmin.ts
FN:8,(anonymous_1)
FNF:1
FNH:0
FNDA:0,(anonymous_1)
DA:1,0
DA:2,0
DA:3,0
DA:4,0
DA:6,0
DA:8,0
DA:9,0
DA:10,0
DA:12,0
DA:13,0
DA:14,0
DA:15,0
DA:18,0
DA:20,0
DA:25,0
DA:26,0
DA:27,0
DA:28,0
DA:30,0
DA:31,0
DA:35,0
LF:21
LH:0
BRDA:13,0,0,0
BRDA:13,0,1,0
BRF:2
BRH:0
end_of_record
TN:
SF:src\utils\auth.ts
FN:3,(anonymous_1)
FN:14,(anonymous_2)
FNF:2
FNH:0
FNDA:0,(anonymous_1)
FNDA:0,(anonymous_2)
DA:1,0
DA:3,0
DA:4,0
DA:5,0
DA:6,0
DA:8,0
DA:10,0
DA:14,0
DA:15,0
DA:17,0
DA:18,0
DA:20,0
DA:22,0
LF:13
LH:0
BRDA:5,0,0,0
BRDA:5,0,1,0
BRDA:15,1,0,0
BRDA:15,1,1,0
BRDA:20,2,0,0
BRDA:20,2,1,0
BRF:6
BRH:0
end_of_record
TN:
SF:src\utils\logger.ts
FN:2,(anonymous_0)
FN:5,(anonymous_1)
FN:8,(anonymous_2)
FNF:3
FNH:0
FNDA:0,(anonymous_0)
FNDA:0,(anonymous_1)
FNDA:0,(anonymous_2)
DA:1,0
DA:3,0
DA:6,0
DA:9,0
LF:4
LH:0
BRF:0
BRH:0
end_of_record
